
]--- Logging Started ------[
01/06/12 19:45.01: RunTimeError Directory=[/code/coldfusion/dfw-cfml-fb-login/WEB-INF/bluedragon/work/temp/rtelogs], Max=[100]
01/06/12 19:45.01: BlueDragon WorkingDirectory=[/code/coldfusion/dfw-cfml-fb-login/WEB-INF/bluedragon/work]
01/06/12 19:45.01: BlueDragon TempDirectory=[/code/coldfusion/dfw-cfml-fb-login/WEB-INF/bluedragon/work/temp]
01/06/12 19:45.01: dbPool: Initialised using: OpenBD DBPoolManager $Revision: 1.1 $
01/06/12 19:45.01: OutgoingMailServer started mainDirectory=/code/coldfusion/dfw-cfml-fb-login/WEB-INF/bluedragon/work/cfmail
01/06/12 19:45.01: CollectionFactory.init(): no <cfcollection> found in configuration
01/06/12 19:45.01: BlueDragon server is starting up...
01/06/12 19:45.01: Product Version: 2.1
01/06/12 19:45.01: Build date: 2012-05-21 01:00:59 GMT
01/06/12 19:45.01: aw20org: null
01/06/12 19:45.01: tagChecker loaded: 140 tags
01/06/12 19:45.01: cfmlFileCache Configuration. Caching=1000 files; trusted cache=false
01/06/12 19:45.01: cfmlFileCache.loadCustomTagMappings [CF_] >> [/WEB-INF/customtags]
01/06/12 19:45.01: cfmlFileCache.loadCFMappings: no CF mappings defined.
01/06/12 19:45.01: -] Java CFX Mapping created [CFX_JavaBlueDragonHello] >> [com.newatlanta.BlueDragonHello]
01/06/12 19:45.01: -] C++ CFX Mapping created [CFX_NativeBlueDragonHello] >> [/WEB-INF/customtags/BlueDragonHello.dll]
01/06/12 19:45.01: PluginManager Auto Discovery (openbdplugin-XXXX.jar) ...
01/06/12 19:45.01: ... found: 0 plugins
01/06/12 19:45.01: cfEngine: Using default character encoding utf-8
01/06/12 19:45.01: cfEngine: WebResourcePath /code/coldfusion/dfw-cfml-fb-login/WEB-INF/webresources
01/06/12 19:45.01: BlueDragon NativeLibDirectory=[/WEB-INF/bin/x64/]
01/06/12 19:45.01: queryBatchServer started: /code/coldfusion/dfw-cfml-fb-login/WEB-INF/bluedragon/work/cfquerybatch
01/06/12 19:45.01: CFQUERY Connection pool validation queries: ENABLED
01/06/12 19:45.01: CFIMAP Caching Engine Initialised.
01/06/12 19:45.01: cfChart: storage=file; size=0
01/06/12 19:45.01: scheduleEngine started; logfile=/code/coldfusion/dfw-cfml-fb-login/WEB-INF/bluedragon/work/cfschedule/schedule.log
01/06/12 19:45.01: ScheduleEngine: Started. Initial Tasks=0
01/06/12 19:45.02: PlugIn.Load.Installed: org.alanwilliamson.openbd.plugin.spreadsheet.SpreadSheetExtension; SpreadSheet; Version=1.2011.11.4
01/06/12 19:45.02: PlugIn.Load.Installed: org.alanwilliamson.openbd.plugin.cfsmtp.SmtpExtension; CFSMTP; Version=1.2011.11.4
01/06/12 19:45.02: [LoginPlugin] <server>.<plugin>.<login>.<userfield>: no userfield specified
01/06/12 19:45.02: PlugIn.Load.Installed: org.aw20.plugin.login.LoginExtension; LoginExtension; Version=1.2011.11.4
01/06/12 19:45.02: PlugIn.Load.Installed: org.alanwilliamson.openbd.plugin.crontab.CronExtension; CronTab; Version=1.2011.11.4
01/06/12 19:45.02: PlugIn.Load.Installed: com.bluedragon.mongo.MongoExtension; MongoExtension; Version=1.2011.11.4
01/06/12 19:45.02: cfApplicationManager.DefaultClientStorage=[cookie]; J2EE Sessions=false
01/06/12 19:45.02: cfCacheContent: InMemoryCache=50
01/06/12 19:45.02: cfSCRIPT Registered: language=java; class=org.alanwilliamson.lang.java.cfSCRIPTJava
01/06/12 19:45.02: cfSCRIPT Registered: language=javascript; class=org.alanwilliamson.lang.javascript.cfSCRIPTJavascript
01/06/12 19:45.02: expressionEngine loaded: 665 functions
01/06/12 19:45.02: cfEngine: Show Debug output on error? true
01/06/12 19:45.02: cfEngine: Show Debugger output? false
01/06/12 19:45.02: cfEngine: Strict Mode: ArrayPassByReference? false
01/06/12 19:45.02: cfEngine: Strict Mode: FunctionScopedVariables? false
01/06/12 19:45.02: cfEngine: Assertions disabled
01/06/12 19:45.02: cfEngine: Combined Form/Url Scope? false
01/06/12 19:45.02: cfEngine: Legacy server side form validation? false
01/06/12 19:45.02: BlueDragon has initialised. Ready for requests.
01/06/12 19:45.02: Server.cfc not available: /Server
01/06/12 19:45.24: cfApplicationManager.createApp: dfwcfmlfblogin
01/06/12 19:47.54: BlueDragon is being shut down ... 
01/06/12 19:47.54: -] mailSender: thread stop.
01/06/12 19:47.54: OutgoingMailServer: Shutdown
01/06/12 19:47.54: -] cfmlFileCache was flushed
01/06/12 19:47.54: cfmlFileCache was shutdown
01/06/12 19:47.54: -] cfQueryBatchServer: thread stop.
01/06/12 19:47.54: -] cfQueryBatchServer: Shutdown
01/06/12 19:47.54: CFIMAP Caching Engine closed open connections
01/06/12 19:47.54: cfApplicationManager.onApplicationEnd: dfwcfmlfblogin
01/06/12 19:47.54: cfApplicationManager has been shutdown
01/06/12 19:47.54: OutgoingMailServer: Shutdown
01/06/12 19:47.54: All logging has been shutdown
01/06/12 19:47.54: dbPool: All database connections have been closed.
01/06/12 19:47.54: BlueDragon has been successfully shutdown
